<?xml version="1.0" encoding="UTF-8"?>
<!-- Generated by org.testng.reporters.JUnitXMLReporter -->
<testsuite ignored="0" hostname="DESKTOP-4P37TR8" failures="0" tests="0" time="0.127" errors="0" timestamp="2023-04-26T01:09:03 IST">
  <testcase classname="selenium1.Testng1" name="@BeforeTest f1" time="0.091">
    <failure type="java.lang.IllegalStateException" message="The driver executable does not exist: C:\software\chrome driver.exe">
      <![CDATA[java.lang.IllegalStateException: The driver executable does not exist: C:\software\chrome driver.exe
at com.google.common.base.Preconditions.checkState(Preconditions.java:585)
at org.openqa.selenium.remote.service.DriverService.checkExecutable(DriverService.java:146)
at org.openqa.selenium.remote.service.DriverService.findExecutable(DriverService.java:141)
at org.openqa.selenium.chrome.ChromeDriverService.access$000(ChromeDriverService.java:35)
at org.openqa.selenium.chrome.ChromeDriverService$Builder.findDefaultExecutable(ChromeDriverService.java:159)
at org.openqa.selenium.remote.service.DriverService$Builder.build(DriverService.java:355)
at org.openqa.selenium.chrome.ChromeDriverService.createDefaultService(ChromeDriverService.java:94)
at org.openqa.selenium.chrome.ChromeDriver.<init>(ChromeDriver.java:123)
at selenium1.Testng1.f1(Testng1.java:19)
... Removed 24 stack frames]]>
    </failure>
  </testcase> <!-- @BeforeTest f1 -->
</testsuite>
